date=Wed Aug 03 16:03:44 PDT 2016	sessionId=stdin	remote=null	format=null	query=	response=(no answer)
date=Wed Aug 03 16:03:46 PDT 2016	sessionId=stdin	remote=null	format=null	query=add 3 red	response=(no answer)
date=Wed Aug 03 16:04:04 PDT 2016	sessionId=stdin	remote=null	format=null	query=add 3 red	response=(: select (color red)) => (string [[4,4,1,\"Blue\",[]],[3,3,1,\"Gray\",[]]])
date=Wed Aug 03 16:16:14 PDT 2016	sessionId=stdin	remote=null	format=null	query=add 3 red	response=(: select (color red)) => (string [[4,4,1,\"Blue\",[]],[3,3,1,\"Gray\",[]]])
date=Wed Aug 03 17:46:10 PDT 2016	sessionId=stdin	remote=null	format=null	query=add 3 red	response=(: select (color red)) => (string [[4,4,1,\"Blue\",[]],[3,3,1,\"Gray\",[]]])
date=Wed Aug 03 17:48:24 PDT 2016	sessionId=stdin	remote=null	format=null	query=add 3 red	response=(: select (color red)) => (string [[4,4,1,\"Blue\",[]],[3,3,1,\"Gray\",[]]])
date=Wed Aug 03 17:51:38 PDT 2016	sessionId=stdin	remote=null	format=null	query=add 3 red	response=(: select (color red)) => (string [[4,4,1,\"Blue\",[]],[3,3,1,\"Gray\",[]]])
date=Wed Aug 03 17:52:36 PDT 2016	sessionId=stdin	remote=null	format=null	query=add 3 red	response=(: select (color red)) => (string [[4,4,1,\"Blue\",[]],[3,3,1,\"Gray\",[]]])
date=Wed Aug 03 17:53:34 PDT 2016	sessionId=stdin	remote=null	format=null	query=add 3 red	response=(: select (color red)) => (string [[4,4,1,\"Blue\",[]],[3,3,1,\"Gray\",[]]])
date=Wed Aug 03 17:53:45 PDT 2016	sessionId=stdin	remote=null	format=null	query=remove green blocks	response=(: remove) => (string [[4,4,1,\"Blue\",[]]])
date=Wed Aug 03 18:03:47 PDT 2016	sessionId=stdin	remote=null	format=null	query=add 3 green to the left	response=(: select (color green)) => (string [[4,4,1,\"Blue\",[]],[3,3,1,\"Gray\",[]]])
date=Wed Aug 03 18:06:50 PDT 2016	sessionId=stdin	remote=null	format=null	query=add 3 red to the left	response=(: select (color red)) => (string [[4,4,1,\"Blue\",[]],[3,3,1,\"Gray\",[]]])
date=Wed Aug 03 18:15:26 PDT 2016	sessionId=stdin	remote=null	format=null	query=add 3 red to left	response=(: select (color red)) => (string [[4,4,1,\"Blue\",[]],[3,3,1,\"Gray\",[]]])
date=Wed Aug 03 18:16:02 PDT 2016	sessionId=stdin	remote=null	format=null	query=	response=(no answer)
date=Wed Aug 03 18:16:05 PDT 2016	sessionId=stdin	remote=null	format=null	query=add	response=(no answer)
date=Wed Aug 03 18:16:08 PDT 2016	sessionId=stdin	remote=null	format=null	query=add red left 3	response=(: select (color red)) => (string [[4,4,1,\"Blue\",[]],[3,3,1,\"Gray\",[]]])
date=Wed Aug 03 18:17:38 PDT 2016	sessionId=stdin	remote=null	format=null	query=	response=(no answer)
date=Wed Aug 03 18:17:42 PDT 2016	sessionId=stdin	remote=null	format=null	query=add a red left 3	response=(: select (color red)) => (string [[4,4,1,\"Blue\",[]],[3,3,1,\"Gray\",[]]])
date=Wed Aug 03 18:21:44 PDT 2016	sessionId=stdin	remote=null	format=null	query=add 3 red left	response=(: select (color red)) => (string [[4,4,1,\"Blue\",[]],[3,3,1,\"Gray\",[]]])
date=Wed Aug 03 18:22:52 PDT 2016	sessionId=stdin	remote=null	format=null	query=add 3 red left	response=(: select (color red)) => (string [[4,4,1,\"Blue\",[]],[3,3,1,\"Gray\",[]]])
date=Wed Aug 03 18:25:18 PDT 2016	sessionId=stdin	remote=null	format=null	query=add 3 red	response=(: select (color red)) => (string [[4,4,1,\"Blue\",[]],[3,3,1,\"Gray\",[]]])
date=Wed Aug 03 18:25:31 PDT 2016	sessionId=stdin	remote=null	format=null	query=add 3 red	response=(: select (color red)) => (string [[4,4,1,\"Blue\",[]],[3,3,1,\"Gray\",[]]])
date=Wed Aug 03 18:25:58 PDT 2016	sessionId=stdin	remote=null	format=null	query=add 3 red left	response=(: select (color red)) => (string [[4,4,1,\"Blue\",[]],[3,3,1,\"Gray\",[]]])
date=Thu Aug 04 14:24:20 PDT 2016	sessionId=stdin	remote=null	format=null	query=add 3 red	response=(: select (color red)) => (string [[4,4,1,\"Blue\",[]],[3,3,1,\"Gray\",[]]])
